[INFO]caseLogMethod.py:55-22:42:27.983 >> [94m--------------------CASE START--------------------------- 
[INFO]caseLogMethod.py:59-22:42:28.144 >> Class Name: TestPro 
[INFO]caseLogMethod.py:60-22:42:28.145 >> Method Name: testCase_major 
[INFO]caseLogMethod.py:61-22:42:28.147 >> Test Description: æŸ¥çœ‹å›žæ”¶ç«™ä¸‹ä¾¿ç­¾åˆ—è¡¨ 
[INFO]test_level1.py:32-22:42:28.148 >> æŸ¥çœ‹å›žæ”¶ç«™ä¸‹ä¾¿ç­¾åˆ—è¡¨ 
[INFO]apiRe.py:38-22:42:28.149 >> url:http://note-api.wps.cn/v3/notesvr/user/1145973490/invalid/startindex/0/rows/10/notes 
[INFO]apiRe.py:39-22:42:28.151 >> headers:{"Content-Type": "application/json", "X-user-key": "1145973490", "cookie": "wps_sid=V02SUGGKho67jU5kKjCXDVTu_I1zflI00a30970d00444e2af2"} 
[INFO]apiRe.py:42-22:42:28.378 >> res code:200 
[INFO]apiRe.py:43-22:42:28.380 >> res body:{"responseTime":0,"webNotes":[]} 
[INFO]level1.py:32-22:47:57.853 >> åˆ é™¤ä¾¿ç­¾ 
[INFO]apiRe.py:22-22:47:57.891 >> url:http://note-api.wps.cn/v3/notesvr/delete 
[INFO]apiRe.py:23-22:47:57.894 >> headers:{"Content-Type": "application/json", "X-user-key": "1145973490", "cookie": "wps_sid=V02SUGGKho67jU5kKjCXDVTu_I1zflI00a30970d00444e2af2"} 
[INFO]apiRe.py:26-22:47:58.072 >> res code:200 
[INFO]apiRe.py:27-22:47:58.076 >> res body:{"responseTime":53} 
[INFO]caseLogMethod.py:55-22:49:26.387 >> [94m--------------------CASE START--------------------------- 
[INFO]caseLogMethod.py:59-22:49:26.429 >> Class Name: TestPro 
[INFO]caseLogMethod.py:60-22:49:26.431 >> Method Name: testCase_major 
[INFO]caseLogMethod.py:61-22:49:26.432 >> Test Description: æŸ¥çœ‹å›žæ”¶ç«™ä¸‹ä¾¿ç­¾åˆ—è¡¨ 
[INFO]test_level1.py:32-22:49:26.434 >> æŸ¥çœ‹å›žæ”¶ç«™ä¸‹ä¾¿ç­¾åˆ—è¡¨ 
[INFO]apiRe.py:38-22:49:26.435 >> url:http://note-api.wps.cn/v3/notesvr/user/1145973490/invalid/startindex/0/rows/10/notes 
[INFO]apiRe.py:39-22:49:26.438 >> headers:{"Content-Type": "application/json", "X-user-key": "1145973490", "cookie": "wps_sid=V02SUGGKho67jU5kKjCXDVTu_I1zflI00a30970d00444e2af2"} 
[INFO]apiRe.py:42-22:49:26.599 >> res code:200 
[INFO]apiRe.py:43-22:49:26.603 >> res body:{"responseTime":0,"webNotes":[{"noteId":"1693318482398_noteId","createTime":1693318482745,"star":0,"remindTime":0,"remindType":0,"infoVersion":2,"infoUpdateTime":1693579678308,"groupId":null,"title":null,"summary":"1693318482539_summary","thumbnail":null,"contentVersion":1,"contentUpdateTime":1693318482875}]} 
[INFO]caseLogMethod.py:55-22:52:12.254 >> [94m--------------------CASE START--------------------------- 
[INFO]caseLogMethod.py:59-22:52:12.343 >> Class Name: TestPro 
[INFO]caseLogMethod.py:60-22:52:12.343 >> Method Name: testCase_major 
[INFO]caseLogMethod.py:61-22:52:12.347 >> Test Description: æ¢å¤å›žæ”¶ç«™çš„ä¾¿ç­¾ 
[INFO]test_level1.py:32-22:52:18.221 >> æ¢å¤å›žæ”¶ç«™çš„ä¾¿ç­¾ 
[INFO]apiRe.py:54-22:53:14.406 >> url:http://note-api.wps.cn/v3/notesvr/user/1145973490/notes 
[INFO]apiRe.py:55-22:53:14.407 >> headers:{"Content-Type": "application/json", "X-user-key": "1145973490", "cookie": "wps_sid=V02SUGGKho67jU5kKjCXDVTu_I1zflI00a30970d00444e2af2"} 
[INFO]apiRe.py:58-22:53:14.535 >> res code:500 
[INFO]apiRe.py:59-22:53:14.551 >> res body:{"errorCode":-7,"errorMsg":""} 
[INFO]caseLogMethod.py:55-22:55:53.267 >> [94m--------------------CASE START--------------------------- 
[INFO]caseLogMethod.py:59-22:55:53.339 >> Class Name: TestPro 
[INFO]caseLogMethod.py:60-22:55:53.346 >> Method Name: testCase_major 
[INFO]caseLogMethod.py:61-22:55:53.347 >> Test Description: æ¢å¤å›žæ”¶ç«™çš„ä¾¿ç­¾ 
[INFO]test_level1.py:32-22:55:55.870 >> æ¢å¤å›žæ”¶ç«™çš„ä¾¿ç­¾ 
[INFO]apiRe.py:54-22:56:25.336 >> url:http://note-api.wps.cn/v3/notesvr/user/1145973490/notes 
[INFO]apiRe.py:55-22:56:25.339 >> headers:{"Content-Type": "application/json", "X-user-key": "1145973490", "cookie": "wps_sid=V02SUGGKho67jU5kKjCXDVTu_I1zflI00a30970d00444e2af2"} 
[INFO]apiRe.py:58-22:56:25.488 >> res code:200 
[INFO]apiRe.py:59-22:56:25.497 >> res body: 
[INFO]caseLogMethod.py:55-23:50:01.594 >> [94m--------------------CASE START--------------------------- 
[INFO]caseLogMethod.py:59-23:50:01.668 >> Class Name: TestPro 
[INFO]caseLogMethod.py:60-23:50:01.668 >> Method Name: testCase_major 
[INFO]caseLogMethod.py:61-23:50:01.675 >> Test Description: æ¸…é™¤å›žæ”¶ç«™ä¾¿ç­¾ 
[INFO]test_level1.py:34-23:50:01.675 >> æ¸…é™¤å›žæ”¶ç«™ä¾¿ç­¾ 
[INFO]caseLogMethod.py:55-23:50:01.675 >> [94m--------------------CASE START--------------------------- 
[INFO]caseLogMethod.py:55-23:51:51.169 >> [94m--------------------CASE START--------------------------- 
[INFO]caseLogMethod.py:59-23:51:51.233 >> Class Name: TestPro 
[INFO]caseLogMethod.py:60-23:51:51.233 >> Method Name: testCase_major 
[INFO]caseLogMethod.py:61-23:51:51.249 >> Test Description: æ¸…é™¤å›žæ”¶ç«™ä¾¿ç­¾ 
[INFO]test_level1.py:35-23:51:51.254 >> æ¸…é™¤å›žæ”¶ç«™ä¾¿ç­¾ 
[INFO]caseLogMethod.py:55-23:51:51.254 >> [94m--------------------CASE START--------------------------- 
[INFO]caseLogMethod.py:59-23:51:51.254 >> Class Name: TestPro 
[INFO]caseLogMethod.py:60-23:51:51.254 >> Method Name: testCase_major 
[INFO]caseLogMethod.py:61-23:51:51.254 >> Test Description: æŸ¥çœ‹å›žæ”¶ç«™ä¸‹ä¾¿ç­¾åˆ—è¡¨ 
[INFO]test_level1.py:32-23:51:51.270 >> æŸ¥çœ‹å›žæ”¶ç«™ä¸‹ä¾¿ç­¾åˆ—è¡¨ 
[INFO]apiRe.py:38-23:51:51.271 >> url:http://note-api.wps.cn/v3/notesvr/user/1145973490/invalid/startindex/0/rows/10/notes 
[INFO]apiRe.py:39-23:51:51.271 >> headers:{"Content-Type": "application/json", "X-user-key": "1145973490", "cookie": "wps_sid=V02SUGGKho67jU5kKjCXDVTu_I1zflI00a30970d00444e2af2"} 
[INFO]apiRe.py:42-23:51:51.441 >> res code:200 
[INFO]apiRe.py:43-23:51:51.457 >> res body:{"responseTime":0,"webNotes":[{"noteId":"a090f358ceda136c0fffa79b98fba172","createTime":1693582893079,"star":0,"remindTime":0,"remindType":0,"infoVersion":3,"infoUpdateTime":1693582903601,"groupId":null,"title":"J+oY+y+oFmKLMuABMXQ7ow==","summary":"RaIfXEMXo0F9hN274maSWP8mbiPwieqcYMGnbB7outA=","thumbnail":null,"contentVersion":1,"contentUpdateTime":1693582893219},{"noteId":"310eb03fa8cf28d2922df172acdb572c","createTime":1692957060184,"star":0,"remindTime":1692959400000,"remindType":1,"infoVersion":3,"infoUpdateTime":1693582876565,"groupId":null,"title":"J+oY+y+oFmKLMuABMXQ7ow==","summary":"sdzMG7q1pB2WKFJwGdhVvh/9cKeD4KmsWsR8FvvUBnI=","thumbnail":null,"contentVersion":1,"contentUpdateTime":1692957060344}]} 
[INFO]apiRe.py:22-23:55:54.769 >> url:http://note-api.wps.cn/v3/notesvr/cleanrecyclebin 
[INFO]apiRe.py:23-23:55:54.770 >> headers:{"Content-Type": "application/json", "X-user-key": "1145973490", "cookie": "wps_sid=V02SUGGKho67jU5kKjCXDVTu_I1zflI00a30970d00444e2af2"} 
[INFO]apiRe.py:26-23:55:54.937 >> res code:200 
[INFO]apiRe.py:27-23:55:54.940 >> res body:{"responseTime":26} 
[INFO]caseLogMethod.py:55-23:56:00.182 >> [94m--------------------CASE START--------------------------- 
[INFO]caseLogMethod.py:59-23:56:00.264 >> Class Name: TestPro 
[INFO]caseLogMethod.py:60-23:56:00.264 >> Method Name: testCase_major 
[INFO]caseLogMethod.py:61-23:56:00.264 >> Test Description: æ¸…é™¤å›žæ”¶ç«™ä¾¿ç­¾ 
[INFO]test_level1.py:35-23:56:00.264 >> æ¸…é™¤å›žæ”¶ç«™ä¾¿ç­¾ 
[INFO]caseLogMethod.py:55-23:56:00.264 >> [94m--------------------CASE START--------------------------- 
[INFO]caseLogMethod.py:59-23:56:00.282 >> Class Name: TestPro 
[INFO]caseLogMethod.py:60-23:56:00.284 >> Method Name: testCase_major 
[INFO]caseLogMethod.py:61-23:56:00.284 >> Test Description: æŸ¥çœ‹å›žæ”¶ç«™ä¸‹ä¾¿ç­¾åˆ—è¡¨ 
[INFO]test_level1.py:32-23:56:00.284 >> æŸ¥çœ‹å›žæ”¶ç«™ä¸‹ä¾¿ç­¾åˆ—è¡¨ 
[INFO]apiRe.py:38-23:56:00.284 >> url:http://note-api.wps.cn/v3/notesvr/user/1145973490/invalid/startindex/0/rows/10/notes 
[INFO]apiRe.py:39-23:56:00.301 >> headers:{"Content-Type": "application/json", "X-user-key": "1145973490", "cookie": "wps_sid=V02SUGGKho67jU5kKjCXDVTu_I1zflI00a30970d00444e2af2"} 
[INFO]apiRe.py:42-23:56:00.457 >> res code:200 
[INFO]apiRe.py:43-23:56:00.457 >> res body:{"responseTime":0,"webNotes":[{"noteId":"a090f358ceda136c0fffa79b98fba172","createTime":1693582893079,"star":0,"remindTime":0,"remindType":0,"infoVersion":3,"infoUpdateTime":1693582903601,"groupId":null,"title":"J+oY+y+oFmKLMuABMXQ7ow==","summary":"RaIfXEMXo0F9hN274maSWP8mbiPwieqcYMGnbB7outA=","thumbnail":null,"contentVersion":1,"contentUpdateTime":1693582893219},{"noteId":"310eb03fa8cf28d2922df172acdb572c","createTime":1692957060184,"star":0,"remindTime":1692959400000,"remindType":1,"infoVersion":3,"infoUpdateTime":1693582876565,"groupId":null,"title":"J+oY+y+oFmKLMuABMXQ7ow==","summary":"sdzMG7q1pB2WKFJwGdhVvh/9cKeD4KmsWsR8FvvUBnI=","thumbnail":null,"contentVersion":1,"contentUpdateTime":1692957060344}]} 
[INFO]apiRe.py:22-23:59:30.319 >> url:http://note-api.wps.cn/v3/notesvr/cleanrecyclebin 
[INFO]apiRe.py:23-23:59:30.323 >> headers:{"Content-Type": "application/json", "X-user-key": "1145973490", "cookie": "wps_sid=V02SUGGKho67jU5kKjCXDVTu_I1zflI00a30970d00444e2af2"} 
[INFO]apiRe.py:26-23:59:30.461 >> res code:200 
[INFO]apiRe.py:27-23:59:30.461 >> res body:{"responseTime":26} 
[INFO]caseLogMethod.py:55-23:59:37.170 >> [94m--------------------CASE START--------------------------- 
[INFO]caseLogMethod.py:59-23:59:37.236 >> Class Name: TestPro 
[INFO]caseLogMethod.py:60-23:59:37.255 >> Method Name: testCase_major 
[INFO]caseLogMethod.py:61-23:59:37.258 >> Test Description: æ¸…é™¤å›žæ”¶ç«™ä¾¿ç­¾ 
[INFO]test_level1.py:35-23:59:37.263 >> æ¸…é™¤å›žæ”¶ç«™ä¾¿ç­¾ 
[INFO]caseLogMethod.py:55-23:59:37.267 >> [94m--------------------CASE START--------------------------- 
[INFO]caseLogMethod.py:59-23:59:37.270 >> Class Name: TestPro 
[INFO]caseLogMethod.py:60-23:59:37.273 >> Method Name: testCase_major 
[INFO]caseLogMethod.py:61-23:59:37.276 >> Test Description: æŸ¥çœ‹å›žæ”¶ç«™ä¸‹ä¾¿ç­¾åˆ—è¡¨ 
[INFO]test_level1.py:32-23:59:37.279 >> æŸ¥çœ‹å›žæ”¶ç«™ä¸‹ä¾¿ç­¾åˆ—è¡¨ 
[INFO]apiRe.py:38-23:59:37.283 >> url:http://note-api.wps.cn/v3/notesvr/user/1145973490/invalid/startindex/0/rows/10/notes 
[INFO]apiRe.py:39-23:59:37.285 >> headers:{"Content-Type": "application/json", "X-user-key": "1145973490", "cookie": "wps_sid=V02SUGGKho67jU5kKjCXDVTu_I1zflI00a30970d00444e2af2"} 
[INFO]apiRe.py:42-23:59:37.459 >> res code:200 
[INFO]apiRe.py:43-23:59:37.475 >> res body:{"responseTime":0,"webNotes":[{"noteId":"a090f358ceda136c0fffa79b98fba172","createTime":1693582893079,"star":0,"remindTime":0,"remindType":0,"infoVersion":3,"infoUpdateTime":1693582903601,"groupId":null,"title":"J+oY+y+oFmKLMuABMXQ7ow==","summary":"RaIfXEMXo0F9hN274maSWP8mbiPwieqcYMGnbB7outA=","thumbnail":null,"contentVersion":1,"contentUpdateTime":1693582893219},{"noteId":"310eb03fa8cf28d2922df172acdb572c","createTime":1692957060184,"star":0,"remindTime":1692959400000,"remindType":1,"infoVersion":3,"infoUpdateTime":1693582876565,"groupId":null,"title":"J+oY+y+oFmKLMuABMXQ7ow==","summary":"sdzMG7q1pB2WKFJwGdhVvh/9cKeD4KmsWsR8FvvUBnI=","thumbnail":null,"contentVersion":1,"contentUpdateTime":1692957060344}]} 
